[2025-01-12T05:00:44.962+0000] {local_task_job_runner.py:123} INFO - ::group::Pre task execution logs
[2025-01-12T05:00:44.998+0000] {taskinstance.py:2612} INFO - Dependencies all met for dep_context=non-requeueable deps ti=<TaskInstance: fetch_and_store_books.fetch_book_data manual__2025-01-12T05:00:41.014978+00:00 [queued]>
[2025-01-12T05:00:45.009+0000] {taskinstance.py:2612} INFO - Dependencies all met for dep_context=requeueable deps ti=<TaskInstance: fetch_and_store_books.fetch_book_data manual__2025-01-12T05:00:41.014978+00:00 [queued]>
[2025-01-12T05:00:45.009+0000] {taskinstance.py:2865} INFO - Starting attempt 1 of 2
[2025-01-12T05:00:45.032+0000] {taskinstance.py:2888} INFO - Executing <Task(PythonOperator): fetch_book_data> on 2025-01-12 05:00:41.014978+00:00
[2025-01-12T05:00:45.039+0000] {warnings.py:112} WARNING - /home/***/.local/lib/python3.12/site-packages/***/task/task_runner/standard_task_runner.py:70: DeprecationWarning: This process (pid=163) is multi-threaded, use of fork() may lead to deadlocks in the child.
  pid = os.fork()

[2025-01-12T05:00:45.041+0000] {standard_task_runner.py:72} INFO - Started process 165 to run task
[2025-01-12T05:00:45.041+0000] {standard_task_runner.py:104} INFO - Running: ['***', 'tasks', 'run', 'fetch_and_store_books', 'fetch_book_data', 'manual__2025-01-12T05:00:41.014978+00:00', '--job-id', '151', '--raw', '--subdir', 'DAGS_FOLDER/app.py', '--cfg-path', '/tmp/tmpa9g5bv0s']
[2025-01-12T05:00:45.044+0000] {standard_task_runner.py:105} INFO - Job 151: Subtask fetch_book_data
[2025-01-12T05:00:45.108+0000] {task_command.py:467} INFO - Running <TaskInstance: fetch_and_store_books.fetch_book_data manual__2025-01-12T05:00:41.014978+00:00 [running]> on host 58631913095f
[2025-01-12T05:00:45.230+0000] {taskinstance.py:3131} INFO - Exporting env vars: AIRFLOW_CTX_DAG_OWNER='***' AIRFLOW_CTX_DAG_ID='fetch_and_store_books' AIRFLOW_CTX_TASK_ID='fetch_book_data' AIRFLOW_CTX_EXECUTION_DATE='2025-01-12T05:00:41.014978+00:00' AIRFLOW_CTX_TRY_NUMBER='1' AIRFLOW_CTX_DAG_RUN_ID='manual__2025-01-12T05:00:41.014978+00:00'
[2025-01-12T05:00:45.232+0000] {logging_mixin.py:190} INFO - Task instance is in running state
[2025-01-12T05:00:45.232+0000] {logging_mixin.py:190} INFO -  Previous state of the Task instance: queued
[2025-01-12T05:00:45.233+0000] {logging_mixin.py:190} INFO - Current task name:fetch_book_data state:running start_date:2025-01-12 05:00:44.999419+00:00
[2025-01-12T05:00:45.233+0000] {logging_mixin.py:190} INFO - Dag name:fetch_and_store_books and current dag run status:running
[2025-01-12T05:00:45.233+0000] {taskinstance.py:731} INFO - ::endgroup::
[2025-01-12T05:00:51.091+0000] {python.py:240} INFO - Done. Returned value was: None
[2025-01-12T05:00:51.103+0000] {taskinstance.py:340} INFO - ::group::Post task execution logs
[2025-01-12T05:00:51.104+0000] {taskinstance.py:352} INFO - Marking task as SUCCESS. dag_id=fetch_and_store_books, task_id=fetch_book_data, run_id=manual__2025-01-12T05:00:41.014978+00:00, execution_date=20250112T050041, start_date=20250112T050044, end_date=20250112T050051
[2025-01-12T05:00:51.122+0000] {logging_mixin.py:190} INFO - Task instance in success state
[2025-01-12T05:00:51.123+0000] {logging_mixin.py:190} INFO -  Previous state of the Task instance: running
[2025-01-12T05:00:51.123+0000] {logging_mixin.py:190} INFO - Dag name:fetch_and_store_books queued_at:2025-01-12 05:00:41.044418+00:00
[2025-01-12T05:00:51.124+0000] {logging_mixin.py:190} INFO - Task hostname:58631913095f operator:PythonOperator
[2025-01-12T05:00:51.139+0000] {local_task_job_runner.py:266} INFO - Task exited with return code 0
[2025-01-12T05:00:51.148+0000] {warnings.py:112} WARNING - /home/***/.local/lib/python3.12/site-packages/***/models/baseoperator.py:1378: AirflowProviderDeprecationWarning: Call to deprecated class PostgresOperator. (Please use `***.providers.common.sql.operators.sql.SQLExecuteQueryOperator`.Also, you can provide `hook_params={'schema': <database>}`.)
  result = cls.__new__(cls)

[2025-01-12T05:00:51.164+0000] {taskinstance.py:3900} INFO - 1 downstream tasks scheduled from follow-on schedule check
[2025-01-12T05:00:51.169+0000] {local_task_job_runner.py:245} INFO - ::endgroup::
