[2025-01-12T05:14:29.092+0000] {local_task_job_runner.py:123} INFO - ::group::Pre task execution logs
[2025-01-12T05:14:29.105+0000] {taskinstance.py:2612} INFO - Dependencies all met for dep_context=non-requeueable deps ti=<TaskInstance: fetch_and_store_books.insert_book_data manual__2025-01-12T05:14:14.950190+00:00 [queued]>
[2025-01-12T05:14:29.111+0000] {taskinstance.py:2612} INFO - Dependencies all met for dep_context=requeueable deps ti=<TaskInstance: fetch_and_store_books.insert_book_data manual__2025-01-12T05:14:14.950190+00:00 [queued]>
[2025-01-12T05:14:29.112+0000] {taskinstance.py:2865} INFO - Starting attempt 1 of 2
[2025-01-12T05:14:29.124+0000] {taskinstance.py:2888} INFO - Executing <Task(PythonOperator): insert_book_data> on 2025-01-12 05:14:14.950190+00:00
[2025-01-12T05:14:29.129+0000] {warnings.py:112} WARNING - /home/***/.local/lib/python3.12/site-packages/***/task/task_runner/standard_task_runner.py:70: DeprecationWarning: This process (pid=108) is multi-threaded, use of fork() may lead to deadlocks in the child.
  pid = os.fork()

[2025-01-12T05:14:29.131+0000] {standard_task_runner.py:72} INFO - Started process 110 to run task
[2025-01-12T05:14:29.131+0000] {standard_task_runner.py:104} INFO - Running: ['***', 'tasks', 'run', 'fetch_and_store_books', 'insert_book_data', 'manual__2025-01-12T05:14:14.950190+00:00', '--job-id', '192', '--raw', '--subdir', 'DAGS_FOLDER/app.py', '--cfg-path', '/tmp/tmpkz6e3xr9']
[2025-01-12T05:14:29.133+0000] {standard_task_runner.py:105} INFO - Job 192: Subtask insert_book_data
[2025-01-12T05:14:29.172+0000] {task_command.py:467} INFO - Running <TaskInstance: fetch_and_store_books.insert_book_data manual__2025-01-12T05:14:14.950190+00:00 [running]> on host c8da3df70751
[2025-01-12T05:14:29.232+0000] {taskinstance.py:3131} INFO - Exporting env vars: AIRFLOW_CTX_DAG_OWNER='***' AIRFLOW_CTX_DAG_ID='fetch_and_store_books' AIRFLOW_CTX_TASK_ID='insert_book_data' AIRFLOW_CTX_EXECUTION_DATE='2025-01-12T05:14:14.950190+00:00' AIRFLOW_CTX_TRY_NUMBER='1' AIRFLOW_CTX_DAG_RUN_ID='manual__2025-01-12T05:14:14.950190+00:00'
[2025-01-12T05:14:29.236+0000] {logging_mixin.py:190} INFO - Task instance is in running state
[2025-01-12T05:14:29.236+0000] {logging_mixin.py:190} INFO -  Previous state of the Task instance: queued
[2025-01-12T05:14:29.237+0000] {logging_mixin.py:190} INFO - Current task name:insert_book_data state:running start_date:2025-01-12 05:14:29.106153+00:00
[2025-01-12T05:14:29.237+0000] {logging_mixin.py:190} INFO - Dag name:fetch_and_store_books and current dag run status:running
[2025-01-12T05:14:29.238+0000] {taskinstance.py:731} INFO - ::endgroup::
[2025-01-12T05:14:29.262+0000] {base.py:84} INFO - Retrieving connection 'books_connection'
[2025-01-12T05:14:29.268+0000] {sql.py:509} INFO - Running statement: 
    INSERT INTO books (title, price, rating)
    VALUES (%s, %s, %s)
    ON CONFLICT (title) DO NOTHING; -- Skip duplicates
    , parameters: ("It's Only the Himalayas", '£45.17', 'Two')
[2025-01-12T05:14:29.271+0000] {sql.py:518} INFO - Rows affected: 1
[2025-01-12T05:14:29.276+0000] {app.py:92} INFO - Inserted book: It's Only the Himalayas
[2025-01-12T05:14:29.284+0000] {base.py:84} INFO - Retrieving connection 'books_connection'
[2025-01-12T05:14:29.288+0000] {sql.py:509} INFO - Running statement: 
    INSERT INTO books (title, price, rating)
    VALUES (%s, %s, %s)
    ON CONFLICT (title) DO NOTHING; -- Skip duplicates
    , parameters: ('Full Moon over Noah’s Ark: An Odyssey to Mount Ararat and Beyond', '£49.43', 'Four')
[2025-01-12T05:14:29.290+0000] {sql.py:518} INFO - Rows affected: 1
[2025-01-12T05:14:29.293+0000] {app.py:92} INFO - Inserted book: Full Moon over Noah’s Ark: An Odyssey to Mount Ararat and Beyond
[2025-01-12T05:14:29.305+0000] {base.py:84} INFO - Retrieving connection 'books_connection'
[2025-01-12T05:14:29.309+0000] {sql.py:509} INFO - Running statement: 
    INSERT INTO books (title, price, rating)
    VALUES (%s, %s, %s)
    ON CONFLICT (title) DO NOTHING; -- Skip duplicates
    , parameters: ('See America: A Celebration of Our National Parks & Treasured Sites', '£48.87', 'Three')
[2025-01-12T05:14:29.311+0000] {sql.py:518} INFO - Rows affected: 1
[2025-01-12T05:14:29.314+0000] {app.py:92} INFO - Inserted book: See America: A Celebration of Our National Parks & Treasured Sites
[2025-01-12T05:14:29.320+0000] {base.py:84} INFO - Retrieving connection 'books_connection'
[2025-01-12T05:14:29.323+0000] {sql.py:509} INFO - Running statement: 
    INSERT INTO books (title, price, rating)
    VALUES (%s, %s, %s)
    ON CONFLICT (title) DO NOTHING; -- Skip duplicates
    , parameters: ('Vagabonding: An Uncommon Guide to the Art of Long-Term World Travel', '£36.94', 'Two')
[2025-01-12T05:14:29.325+0000] {sql.py:518} INFO - Rows affected: 1
[2025-01-12T05:14:29.328+0000] {app.py:92} INFO - Inserted book: Vagabonding: An Uncommon Guide to the Art of Long-Term World Travel
[2025-01-12T05:14:29.333+0000] {base.py:84} INFO - Retrieving connection 'books_connection'
[2025-01-12T05:14:29.337+0000] {sql.py:509} INFO - Running statement: 
    INSERT INTO books (title, price, rating)
    VALUES (%s, %s, %s)
    ON CONFLICT (title) DO NOTHING; -- Skip duplicates
    , parameters: ('Under the Tuscan Sun', '£37.33', 'Three')
[2025-01-12T05:14:29.338+0000] {sql.py:518} INFO - Rows affected: 1
[2025-01-12T05:14:29.341+0000] {app.py:92} INFO - Inserted book: Under the Tuscan Sun
[2025-01-12T05:14:29.348+0000] {base.py:84} INFO - Retrieving connection 'books_connection'
[2025-01-12T05:14:29.352+0000] {sql.py:509} INFO - Running statement: 
    INSERT INTO books (title, price, rating)
    VALUES (%s, %s, %s)
    ON CONFLICT (title) DO NOTHING; -- Skip duplicates
    , parameters: ('A Summer In Europe', '£44.34', 'Two')
[2025-01-12T05:14:29.353+0000] {sql.py:518} INFO - Rows affected: 1
[2025-01-12T05:14:29.356+0000] {app.py:92} INFO - Inserted book: A Summer In Europe
[2025-01-12T05:14:29.362+0000] {base.py:84} INFO - Retrieving connection 'books_connection'
[2025-01-12T05:14:29.367+0000] {sql.py:509} INFO - Running statement: 
    INSERT INTO books (title, price, rating)
    VALUES (%s, %s, %s)
    ON CONFLICT (title) DO NOTHING; -- Skip duplicates
    , parameters: ('The Great Railway Bazaar', '£30.54', 'One')
[2025-01-12T05:14:29.369+0000] {sql.py:518} INFO - Rows affected: 1
[2025-01-12T05:14:29.372+0000] {app.py:92} INFO - Inserted book: The Great Railway Bazaar
[2025-01-12T05:14:29.377+0000] {base.py:84} INFO - Retrieving connection 'books_connection'
[2025-01-12T05:14:29.380+0000] {sql.py:509} INFO - Running statement: 
    INSERT INTO books (title, price, rating)
    VALUES (%s, %s, %s)
    ON CONFLICT (title) DO NOTHING; -- Skip duplicates
    , parameters: ('A Year in Provence (Provence #1)', '£56.88', 'Four')
[2025-01-12T05:14:29.382+0000] {sql.py:518} INFO - Rows affected: 1
[2025-01-12T05:14:29.385+0000] {app.py:92} INFO - Inserted book: A Year in Provence (Provence #1)
[2025-01-12T05:14:29.390+0000] {base.py:84} INFO - Retrieving connection 'books_connection'
[2025-01-12T05:14:29.393+0000] {sql.py:509} INFO - Running statement: 
    INSERT INTO books (title, price, rating)
    VALUES (%s, %s, %s)
    ON CONFLICT (title) DO NOTHING; -- Skip duplicates
    , parameters: ('The Road to Little Dribbling: Adventures of an American in Britain (Notes From a Small Island #2)', '£23.21', 'One')
[2025-01-12T05:14:29.394+0000] {sql.py:518} INFO - Rows affected: 1
[2025-01-12T05:14:29.398+0000] {app.py:92} INFO - Inserted book: The Road to Little Dribbling: Adventures of an American in Britain (Notes From a Small Island #2)
[2025-01-12T05:14:29.404+0000] {base.py:84} INFO - Retrieving connection 'books_connection'
[2025-01-12T05:14:29.408+0000] {sql.py:509} INFO - Running statement: 
    INSERT INTO books (title, price, rating)
    VALUES (%s, %s, %s)
    ON CONFLICT (title) DO NOTHING; -- Skip duplicates
    , parameters: ('Neither Here nor There: Travels in Europe', '£38.95', 'Three')
[2025-01-12T05:14:29.409+0000] {sql.py:518} INFO - Rows affected: 1
[2025-01-12T05:14:29.413+0000] {app.py:92} INFO - Inserted book: Neither Here nor There: Travels in Europe
[2025-01-12T05:14:29.419+0000] {base.py:84} INFO - Retrieving connection 'books_connection'
[2025-01-12T05:14:29.422+0000] {sql.py:509} INFO - Running statement: 
    INSERT INTO books (title, price, rating)
    VALUES (%s, %s, %s)
    ON CONFLICT (title) DO NOTHING; -- Skip duplicates
    , parameters: ('1,000 Places to See Before You Die', '£26.08', 'Five')
[2025-01-12T05:14:29.423+0000] {sql.py:518} INFO - Rows affected: 1
[2025-01-12T05:14:29.426+0000] {app.py:92} INFO - Inserted book: 1,000 Places to See Before You Die
[2025-01-12T05:14:29.427+0000] {python.py:240} INFO - Done. Returned value was: None
[2025-01-12T05:14:29.435+0000] {taskinstance.py:340} INFO - ::group::Post task execution logs
[2025-01-12T05:14:29.436+0000] {taskinstance.py:352} INFO - Marking task as SUCCESS. dag_id=fetch_and_store_books, task_id=insert_book_data, run_id=manual__2025-01-12T05:14:14.950190+00:00, execution_date=20250112T051414, start_date=20250112T051429, end_date=20250112T051429
[2025-01-12T05:14:29.445+0000] {logging_mixin.py:190} INFO - Task instance in success state
[2025-01-12T05:14:29.446+0000] {logging_mixin.py:190} INFO -  Previous state of the Task instance: running
[2025-01-12T05:14:29.446+0000] {logging_mixin.py:190} INFO - Dag name:fetch_and_store_books queued_at:2025-01-12 05:14:14.995973+00:00
[2025-01-12T05:14:29.447+0000] {logging_mixin.py:190} INFO - Task hostname:c8da3df70751 operator:PythonOperator
[2025-01-12T05:14:29.478+0000] {local_task_job_runner.py:266} INFO - Task exited with return code 0
[2025-01-12T05:14:29.503+0000] {taskinstance.py:3900} INFO - 0 downstream tasks scheduled from follow-on schedule check
[2025-01-12T05:14:29.507+0000] {local_task_job_runner.py:245} INFO - ::endgroup::
