[2025-01-12T05:14:23.019+0000] {local_task_job_runner.py:123} INFO - ::group::Pre task execution logs
[2025-01-12T05:14:23.132+0000] {taskinstance.py:2612} INFO - Dependencies all met for dep_context=non-requeueable deps ti=<TaskInstance: fetch_and_store_books.fetch_book_data manual__2025-01-12T05:14:14.950190+00:00 [queued]>
[2025-01-12T05:14:23.155+0000] {taskinstance.py:2612} INFO - Dependencies all met for dep_context=requeueable deps ti=<TaskInstance: fetch_and_store_books.fetch_book_data manual__2025-01-12T05:14:14.950190+00:00 [queued]>
[2025-01-12T05:14:23.157+0000] {taskinstance.py:2865} INFO - Starting attempt 1 of 2
[2025-01-12T05:14:23.188+0000] {taskinstance.py:2888} INFO - Executing <Task(PythonOperator): fetch_book_data> on 2025-01-12 05:14:14.950190+00:00
[2025-01-12T05:14:23.203+0000] {warnings.py:112} WARNING - /home/***/.local/lib/python3.12/site-packages/***/task/task_runner/standard_task_runner.py:70: DeprecationWarning: This process (pid=100) is multi-threaded, use of fork() may lead to deadlocks in the child.
  pid = os.fork()

[2025-01-12T05:14:23.206+0000] {standard_task_runner.py:104} INFO - Running: ['***', 'tasks', 'run', 'fetch_and_store_books', 'fetch_book_data', 'manual__2025-01-12T05:14:14.950190+00:00', '--job-id', '190', '--raw', '--subdir', 'DAGS_FOLDER/app.py', '--cfg-path', '/tmp/tmpflkhw4gj']
[2025-01-12T05:14:23.207+0000] {standard_task_runner.py:72} INFO - Started process 102 to run task
[2025-01-12T05:14:23.207+0000] {standard_task_runner.py:105} INFO - Job 190: Subtask fetch_book_data
[2025-01-12T05:14:23.316+0000] {task_command.py:467} INFO - Running <TaskInstance: fetch_and_store_books.fetch_book_data manual__2025-01-12T05:14:14.950190+00:00 [running]> on host c8da3df70751
[2025-01-12T05:14:23.706+0000] {taskinstance.py:3131} INFO - Exporting env vars: AIRFLOW_CTX_DAG_OWNER='***' AIRFLOW_CTX_DAG_ID='fetch_and_store_books' AIRFLOW_CTX_TASK_ID='fetch_book_data' AIRFLOW_CTX_EXECUTION_DATE='2025-01-12T05:14:14.950190+00:00' AIRFLOW_CTX_TRY_NUMBER='1' AIRFLOW_CTX_DAG_RUN_ID='manual__2025-01-12T05:14:14.950190+00:00'
[2025-01-12T05:14:23.719+0000] {logging_mixin.py:190} INFO - Task instance is in running state
[2025-01-12T05:14:23.721+0000] {logging_mixin.py:190} INFO -  Previous state of the Task instance: queued
[2025-01-12T05:14:23.722+0000] {logging_mixin.py:190} INFO - Current task name:fetch_book_data state:running start_date:2025-01-12 05:14:23.134327+00:00
[2025-01-12T05:14:23.724+0000] {logging_mixin.py:190} INFO - Dag name:fetch_and_store_books and current dag run status:running
[2025-01-12T05:14:23.726+0000] {taskinstance.py:731} INFO - ::endgroup::
[2025-01-12T05:14:24.839+0000] {python.py:240} INFO - Done. Returned value was: None
[2025-01-12T05:14:24.851+0000] {taskinstance.py:340} INFO - ::group::Post task execution logs
[2025-01-12T05:14:24.852+0000] {taskinstance.py:352} INFO - Marking task as SUCCESS. dag_id=fetch_and_store_books, task_id=fetch_book_data, run_id=manual__2025-01-12T05:14:14.950190+00:00, execution_date=20250112T051414, start_date=20250112T051423, end_date=20250112T051424
[2025-01-12T05:14:24.865+0000] {logging_mixin.py:190} INFO - Task instance in success state
[2025-01-12T05:14:24.866+0000] {logging_mixin.py:190} INFO -  Previous state of the Task instance: running
[2025-01-12T05:14:24.866+0000] {logging_mixin.py:190} INFO - Dag name:fetch_and_store_books queued_at:2025-01-12 05:14:14.995973+00:00
[2025-01-12T05:14:24.867+0000] {logging_mixin.py:190} INFO - Task hostname:c8da3df70751 operator:PythonOperator
[2025-01-12T05:14:24.889+0000] {local_task_job_runner.py:266} INFO - Task exited with return code 0
[2025-01-12T05:14:24.898+0000] {warnings.py:112} WARNING - /home/***/.local/lib/python3.12/site-packages/***/models/baseoperator.py:1378: AirflowProviderDeprecationWarning: Call to deprecated class PostgresOperator. (Please use `***.providers.common.sql.operators.sql.SQLExecuteQueryOperator`.Also, you can provide `hook_params={'schema': <database>}`.)
  result = cls.__new__(cls)

[2025-01-12T05:14:24.913+0000] {taskinstance.py:3900} INFO - 1 downstream tasks scheduled from follow-on schedule check
[2025-01-12T05:14:24.916+0000] {local_task_job_runner.py:245} INFO - ::endgroup::
