[2025-01-12T05:14:26.968+0000] {local_task_job_runner.py:123} INFO - ::group::Pre task execution logs
[2025-01-12T05:14:26.982+0000] {taskinstance.py:2612} INFO - Dependencies all met for dep_context=non-requeueable deps ti=<TaskInstance: fetch_and_store_books.create_table manual__2025-01-12T05:14:14.950190+00:00 [queued]>
[2025-01-12T05:14:26.989+0000] {taskinstance.py:2612} INFO - Dependencies all met for dep_context=requeueable deps ti=<TaskInstance: fetch_and_store_books.create_table manual__2025-01-12T05:14:14.950190+00:00 [queued]>
[2025-01-12T05:14:26.989+0000] {taskinstance.py:2865} INFO - Starting attempt 1 of 2
[2025-01-12T05:14:27.002+0000] {taskinstance.py:2888} INFO - Executing <Task(PostgresOperator): create_table> on 2025-01-12 05:14:14.950190+00:00
[2025-01-12T05:14:27.010+0000] {warnings.py:112} WARNING - /home/***/.local/lib/python3.12/site-packages/***/task/task_runner/standard_task_runner.py:70: DeprecationWarning: This process (pid=104) is multi-threaded, use of fork() may lead to deadlocks in the child.
  pid = os.fork()

[2025-01-12T05:14:27.012+0000] {standard_task_runner.py:72} INFO - Started process 106 to run task
[2025-01-12T05:14:27.013+0000] {standard_task_runner.py:104} INFO - Running: ['***', 'tasks', 'run', 'fetch_and_store_books', 'create_table', 'manual__2025-01-12T05:14:14.950190+00:00', '--job-id', '191', '--raw', '--subdir', 'DAGS_FOLDER/app.py', '--cfg-path', '/tmp/tmpb3m0w831']
[2025-01-12T05:14:27.015+0000] {standard_task_runner.py:105} INFO - Job 191: Subtask create_table
[2025-01-12T05:14:27.059+0000] {task_command.py:467} INFO - Running <TaskInstance: fetch_and_store_books.create_table manual__2025-01-12T05:14:14.950190+00:00 [running]> on host c8da3df70751
[2025-01-12T05:14:27.123+0000] {taskinstance.py:3131} INFO - Exporting env vars: AIRFLOW_CTX_DAG_OWNER='***' AIRFLOW_CTX_DAG_ID='fetch_and_store_books' AIRFLOW_CTX_TASK_ID='create_table' AIRFLOW_CTX_EXECUTION_DATE='2025-01-12T05:14:14.950190+00:00' AIRFLOW_CTX_TRY_NUMBER='1' AIRFLOW_CTX_DAG_RUN_ID='manual__2025-01-12T05:14:14.950190+00:00'
[2025-01-12T05:14:27.124+0000] {logging_mixin.py:190} INFO - Task instance is in running state
[2025-01-12T05:14:27.125+0000] {logging_mixin.py:190} INFO -  Previous state of the Task instance: queued
[2025-01-12T05:14:27.125+0000] {logging_mixin.py:190} INFO - Current task name:create_table state:running start_date:2025-01-12 05:14:26.982655+00:00
[2025-01-12T05:14:27.125+0000] {logging_mixin.py:190} INFO - Dag name:fetch_and_store_books and current dag run status:running
[2025-01-12T05:14:27.126+0000] {taskinstance.py:731} INFO - ::endgroup::
[2025-01-12T05:14:27.126+0000] {sql.py:266} INFO - Executing: 
    CREATE TABLE IF NOT EXISTS books (
        id SERIAL PRIMARY KEY,
        title TEXT NOT NULL UNIQUE,
        price TEXT,
        rating TEXT
    );
    
[2025-01-12T05:14:27.133+0000] {base.py:84} INFO - Retrieving connection 'books_connection'
[2025-01-12T05:14:27.143+0000] {base.py:84} INFO - Retrieving connection 'books_connection'
[2025-01-12T05:14:27.146+0000] {sql.py:509} INFO - Running statement: 
    CREATE TABLE IF NOT EXISTS books (
        id SERIAL PRIMARY KEY,
        title TEXT NOT NULL UNIQUE,
        price TEXT,
        rating TEXT
    );
    , parameters: None
[2025-01-12T05:14:27.188+0000] {taskinstance.py:340} INFO - ::group::Post task execution logs
[2025-01-12T05:14:27.188+0000] {taskinstance.py:352} INFO - Marking task as SUCCESS. dag_id=fetch_and_store_books, task_id=create_table, run_id=manual__2025-01-12T05:14:14.950190+00:00, execution_date=20250112T051414, start_date=20250112T051426, end_date=20250112T051427
[2025-01-12T05:14:27.197+0000] {logging_mixin.py:190} INFO - Task instance in success state
[2025-01-12T05:14:27.200+0000] {logging_mixin.py:190} INFO -  Previous state of the Task instance: running
[2025-01-12T05:14:27.200+0000] {logging_mixin.py:190} INFO - Dag name:fetch_and_store_books queued_at:2025-01-12 05:14:14.995973+00:00
[2025-01-12T05:14:27.201+0000] {logging_mixin.py:190} INFO - Task hostname:c8da3df70751 operator:PostgresOperator
[2025-01-12T05:14:27.234+0000] {local_task_job_runner.py:266} INFO - Task exited with return code 0
[2025-01-12T05:14:27.244+0000] {warnings.py:112} WARNING - /home/***/.local/lib/python3.12/site-packages/***/models/baseoperator.py:1378: AirflowProviderDeprecationWarning: Call to deprecated class PostgresOperator. (Please use `***.providers.common.sql.operators.sql.SQLExecuteQueryOperator`.Also, you can provide `hook_params={'schema': <database>}`.)
  result = cls.__new__(cls)

[2025-01-12T05:14:27.254+0000] {taskinstance.py:3900} INFO - 1 downstream tasks scheduled from follow-on schedule check
[2025-01-12T05:14:27.257+0000] {local_task_job_runner.py:245} INFO - ::endgroup::
